Performing system checks...

System check identified no issues (0 silenced).
October 27, 2025 - 11:38:08
Django version 4.2.25, using settings 'sportingHealthClub_kaktus_demo.settings'
Starting development server at http://127.0.0.1:8000/
Quit the server with CTRL-BREAK.

Performing system checks...

System check identified no issues (0 silenced).
October 27, 2025 - 11:39:47
Django version 4.2.25, using settings 'sportingHealthClub_kaktus_demo.settings'
Starting development server at http://127.0.0.1:8000/
Quit the server with CTRL-BREAK.

Performing system checks...

System check identified no issues (0 silenced).
October 27, 2025 - 11:51:03
Django version 4.2.25, using settings 'sportingHealthClub_kaktus_demo.settings'
Starting development server at http://127.0.0.1:8000/
Quit the server with CTRL-BREAK.

Performing system checks...

System check identified no issues (0 silenced).
October 27, 2025 - 11:52:04
Django version 4.2.25, using settings 'sportingHealthClub_kaktus_demo.settings'
Starting development server at http://127.0.0.1:8000/
Quit the server with CTRL-BREAK.

Performing system checks...

System check identified no issues (0 silenced).
October 27, 2025 - 11:52:25
Django version 4.2.25, using settings 'sportingHealthClub_kaktus_demo.settings'
Starting development server at http://127.0.0.1:8000/
Quit the server with CTRL-BREAK.

Performing system checks...

System check identified no issues (0 silenced).
October 27, 2025 - 11:53:13
Django version 4.2.25, using settings 'sportingHealthClub_kaktus_demo.settings'
Starting development server at http://127.0.0.1:8000/
Quit the server with CTRL-BREAK.

